Started by user Aleksey Zakharov
[Pipeline] Start of Pipeline
[Pipeline] node
Running on agent-01 in /opt/jenkins_agent/workspace/pipeline_scripted
[Pipeline] {
[Pipeline] stage
[Pipeline] { (Git checkout)
[Pipeline] git
The recommended git tool is: NONE
Warning: CredentialId "5ac0095d-0185-431b-94da-09a0ad9b0e2c" could not be found.
Fetching changes from the remote Git repository
 > git rev-parse --resolve-git-dir /opt/jenkins_agent/workspace/pipeline_scripted/.git # timeout=10
 > git config remote.origin.url git@github.com:aragastmatb/example-playbook.git # timeout=10
Fetching upstream changes from git@github.com:aragastmatb/example-playbook.git
 > git --version # timeout=10
 > git --version # 'git version 1.8.3.1'
 > git fetch --tags --progress git@github.com:aragastmatb/example-playbook.git +refs/heads/*:refs/remotes/origin/* # timeout=10
ERROR: Error fetching remote repo 'origin'
hudson.plugins.git.GitException: Failed to fetch from git@github.com:aragastmatb/example-playbook.git
	at hudson.plugins.git.GitSCM.fetchFrom(GitSCM.java:1002)
	at hudson.plugins.git.GitSCM.retrieveChanges(GitSCM.java:1244)
	at hudson.plugins.git.GitSCM.checkout(GitSCM.java:1308)
	at org.jenkinsci.plugins.workflow.steps.scm.SCMStep.checkout(SCMStep.java:129)
	at org.jenkinsci.plugins.workflow.steps.scm.SCMStep$StepExecutionImpl.run(SCMStep.java:97)
	at org.jenkinsci.plugins.workflow.steps.scm.SCMStep$StepExecutionImpl.run(SCMStep.java:84)
	at org.jenkinsci.plugins.workflow.steps.SynchronousNonBlockingStepExecution.lambda$start$0(SynchronousNonBlockingStepExecution.java:47)
	at java.base/java.util.concurrent.Executors$RunnableAdapter.call(Executors.java:515)
	at java.base/java.util.concurrent.FutureTask.run(FutureTask.java:264)
	at java.base/java.util.concurrent.ThreadPoolExecutor.runWorker(ThreadPoolExecutor.java:1128)
	at java.base/java.util.concurrent.ThreadPoolExecutor$Worker.run(ThreadPoolExecutor.java:628)
	at java.base/java.lang.Thread.run(Thread.java:829)
Caused by: hudson.plugins.git.GitException: Command "git fetch --tags --progress git@github.com:aragastmatb/example-playbook.git +refs/heads/*:refs/remotes/origin/*" returned status code 128:
stdout: 
stderr: Permission denied (publickey).
fatal: Could not read from remote repository.

Please make sure you have the correct access rights
and the repository exists.

	at org.jenkinsci.plugins.gitclient.CliGitAPIImpl.launchCommandIn(CliGitAPIImpl.java:2736)
	at org.jenkinsci.plugins.gitclient.CliGitAPIImpl.launchCommandWithCredentials(CliGitAPIImpl.java:2111)
	at org.jenkinsci.plugins.gitclient.CliGitAPIImpl.access$500(CliGitAPIImpl.java:87)
	at org.jenkinsci.plugins.gitclient.CliGitAPIImpl$1.execute(CliGitAPIImpl.java:623)
	at org.jenkinsci.plugins.gitclient.RemoteGitImpl$CommandInvocationHandler$GitCommandMasterToSlaveCallable.call(RemoteGitImpl.java:158)
	at org.jenkinsci.plugins.gitclient.RemoteGitImpl$CommandInvocationHandler$GitCommandMasterToSlaveCallable.call(RemoteGitImpl.java:151)
	at hudson.remoting.UserRequest.perform(UserRequest.java:211)
	at hudson.remoting.UserRequest.perform(UserRequest.java:54)
	at hudson.remoting.Request$2.run(Request.java:377)
	at hudson.remoting.InterceptingExecutorService.lambda$wrap$0(InterceptingExecutorService.java:78)
	... 4 more
	Suppressed: hudson.remoting.Channel$CallSiteStackTrace: Remote call to agent-01
		at hudson.remoting.Channel.attachCallSiteStackTrace(Channel.java:1784)
		at hudson.remoting.UserRequest$ExceptionResponse.retrieve(UserRequest.java:356)
		at hudson.remoting.Channel.call(Channel.java:1000)
		at org.jenkinsci.plugins.gitclient.RemoteGitImpl$CommandInvocationHandler.execute(RemoteGitImpl.java:143)
		at jdk.internal.reflect.GeneratedMethodAccessor657.invoke(Unknown Source)
		at java.base/jdk.internal.reflect.DelegatingMethodAccessorImpl.invoke(DelegatingMethodAccessorImpl.java:43)
		at java.base/java.lang.reflect.Method.invoke(Method.java:566)
		at org.jenkinsci.plugins.gitclient.RemoteGitImpl$CommandInvocationHandler.invoke(RemoteGitImpl.java:129)
		at com.sun.proxy.$Proxy136.execute(Unknown Source)
		at hudson.plugins.git.GitSCM.fetchFrom(GitSCM.java:1000)
		at hudson.plugins.git.GitSCM.retrieveChanges(GitSCM.java:1244)
		at hudson.plugins.git.GitSCM.checkout(GitSCM.java:1308)
		at org.jenkinsci.plugins.workflow.steps.scm.SCMStep.checkout(SCMStep.java:129)
		at org.jenkinsci.plugins.workflow.steps.scm.SCMStep$StepExecutionImpl.run(SCMStep.java:97)
		at org.jenkinsci.plugins.workflow.steps.scm.SCMStep$StepExecutionImpl.run(SCMStep.java:84)
		at org.jenkinsci.plugins.workflow.steps.SynchronousNonBlockingStepExecution.lambda$start$0(SynchronousNonBlockingStepExecution.java:47)
		at java.base/java.util.concurrent.Executors$RunnableAdapter.call(Executors.java:515)
		... 4 more
[Pipeline] }
[Pipeline] // stage
[Pipeline] }
[Pipeline] // node
[Pipeline] End of Pipeline
ERROR: Error fetching remote repo 'origin'
Finished: FAILURE
